1553450227699:help
1553450232469:restart
1553450239766:bookCount
1553450245191:bookcount
1553450265410:bookCount
1553452084325:help
1553452088555:batch
1553452395898:restart
1553452713096:batch
1553452758724:restart
1553452769710:batch
1553452775387:help
1553453157060:batch
1553453197155:restart
1553453205307:at
1553453211671:ac
1553453221586:el
1553453231035:etr
1553453296590:batch
1553453299394:help
1553453302297:restart
1553453308010:ep
1553453410383:batch
1553453413255:restart
1553453443991:ep
1553453446853:restart
1553453450931:el
1553453542396:batch
1553453615513:help
1553453618832:batch
1553453622705:restart
1553453940090:help
1553453941709:batch
1553453962253:exit
