1546678553254:help
1546678559736:bookcount
1546681536882:allbook
1546682182530:author Author #1
1546682204589:author "Author #1"
1546683063130:allbook
1546683081602:addbook book1 author2 fiction
1546683251333:addbook 3123 1323 312
1546683329995:addbook 123 1323 31
1546683397717:addbook 231 3123 312
1546683400465:allbook
1546683418013:addbook 123 3123 412
1546683421070:allbook
1546683427284:authorcount
1546683457518:add book 3123 3123 412
1546683468434:addbook 3123 3123 412
1546683470615:allbook
1546683478104:authorcount
1546718416150:allbook
1546718424709:authorcount
1546718441249:addbook 12312 Author #2 1
1546718455479:addbook "Author #2" 1233
1546718467982:addbook book13 "Author #2" 1233
1546718473069:authorcount
1546718536432:addbook 123 "Author #2" 1233
1546718555406:addbook das "Author #2" 1233
1546718811810:authorcount
1546718855126:allbook
1546719134720:addbook dasd "" 233
1546719157445:addbook "Author #2" dasds
1546719167697:addbook qdw "Author #2" dasds
1546719203256:authorcount
1546719350448:addbook asdad "Author #3" dasds
1546719371546:authorcount
1546719577972:addgenre dasdas
1546719581200:genrecount
1546719591533:addgenre "Genre #1"
1546719594836:genrecount
1546719606817:authorcount
1546719610703:addauthor dsdsd
1546719614330:authorcount
1546719625602:addauthor "Author #1"
1546719629123:authorcount
1546722368295:deleteauthor 1
1546722371148:allbook
1546722380315:deletegenre 2
1546722383306:allbook
1546722392766:addbook dasd dasd dasd
1546722394948:allbook
1546722401053:deletebook 3
1546722403298:allbook
1546723626619:help
1546752662574:allbook
1546790548561:addbook 3123 1323 123
1546790550343:allbook
1546790564835:addbook 31232 1323 123
1546790567873:authorcount
1546790571719:genrecount
1547671136070:help
1547671139074:allbook
1547671158517:genrecount
1547671225419:allbook
1547671236280:genrecount
1547671239644:help
1547671244979:deletegenre 1
1547671272346:addauthor dasdas
1547671276881:authorcount
1547671351858:deletegenre 3
1547671370735:deletegenre 4
1547672024899:allbook
1547673972560:addgenre dasdas
1547673975780:genrecount
1547673981210:deletegenre 1
1547674035068:addgenre dsds
1547674040939:genrecount
1547674044407:deletegenre 1
1547674094330:help
1547674103140:addbook dasd dasd dasd
1547674187175:addbook dasd dasd das
1547674258092:addbook dsd sds ds
1547674269742:addgenre dsds
1547674293442:genrecount
1547674321227:addbook das dasd das
1547674449457:addbook dsd sds dsd
1547674453477:bookcount
1547674463627:genrecount
1547674469647:deletegenre 1
1547674481207:genrecount
1547674486677:deletegenre 3
1547674493027:deletegenre 4
1547674660602:bookcount
1547674666469:addbook dasd adsdas dasd
1547674671268:help
1547674678829:allbook
1547708263992:addbook dasd asd asd
1547708266550:allbook
1547718205651:booksreviews 1
1547718231005:addreview Troll#2 Fantastic 2
1547718235264:booksreviews 2
1547718243977:allbook
1547718425612:booksreviews 1
1547718431449:booksreviews 2
1547718434429:allbook
1547813430644:addreview asd dasd 1
1547813435443:booksreviews 1
1548188883444:allbook
1548188894095:addreview 1 ddasd
1548188898649:help
1548188907729:addreview dfafsdf fsdfsd 1
1548188916304:booksreviews 1
1548236082883:allbook
1548236087585:addreview dsd sdd 1
1548236091343:booksreviews 1
