1545241857713:fsdf
1545241861289:exit
1545242368579:hello
1545242372466:hello ads das
1545242456723:hello dasd ads
1545242463996:das
1545242469108:exit
1545242752182:start
1545242856362:strat dads ds
1545242860511:start dsad dasd
1545243121957:jk
1545246637189:help
1545302412166:start Andrew Novikov
1545302798088:help
1545303344644:start dsd ds
1545303361317:strat dsd ds
1545303365327:start dsd dsf
1545303491873:start dasd dasd
1545303498913:answer 1799
1545303504724:answer Путин
1545303514844:answer Огурец
1545303526584:answer Интерфейс
1545303533354:answer Отус
1545303588166:start вывы выв
1545303591507:1799
1545303598976:answer 1799
1545303603527:answer Путин
1545303613756:answer Огурец
1545303622787:answer Интерфейс
1545303627926:answer Отус
1545303884566:start dsad fsd
1545304144036:start dsd fsdf
1545304152926:answer das
1545304197652:start dasd dasd
1545304203732:answer 1799
1545304207812:answer Путин
1545304212772:answer Огурец
1545304218512:answer Интерфейс
1545304222452:answer Отус
1545304240582:answer dasd
1545304370832:start dasd dasd
1545304384972:help
1545304388512:start dsa dasd
1545304447293:help
1545319473069:start Andrew Novkov
1545319480809:answer 1799
1545319486709:answer Путин
1545319494799:answer Огурец
1545319499979:answer Интерфейс
1545319504999:answer Отус
1545319510758:answer dsd
1545319517739:start dsd dsd
1545319520049:exit
