1546678553254:help
1546678559736:bookcount
1546681536882:allbook
1546682182530:author Author #1
1546682204589:author "Author #1"
1546683063130:allbook
1546683081602:addbook book1 author2 fiction
1546683251333:addbook 3123 1323 312
1546683329995:addbook 123 1323 31
1546683397717:addbook 231 3123 312
1546683400465:allbook
1546683418013:addbook 123 3123 412
1546683421070:allbook
1546683427284:authorcount
1546683457518:add book 3123 3123 412
1546683468434:addbook 3123 3123 412
1546683470615:allbook
1546683478104:authorcount
1546718416150:allbook
1546718424709:authorcount
1546718441249:addbook 12312 Author #2 1
1546718455479:addbook "Author #2" 1233
1546718467982:addbook book13 "Author #2" 1233
1546718473069:authorcount
1546718536432:addbook 123 "Author #2" 1233
1546718555406:addbook das "Author #2" 1233
1546718811810:authorcount
1546718855126:allbook
1546719134720:addbook dasd "" 233
1546719157445:addbook "Author #2" dasds
1546719167697:addbook qdw "Author #2" dasds
1546719203256:authorcount
1546719350448:addbook asdad "Author #3" dasds
1546719371546:authorcount
1546719577972:addgenre dasdas
1546719581200:genrecount
1546719591533:addgenre "Genre #1"
1546719594836:genrecount
1546719606817:authorcount
1546719610703:addauthor dsdsd
1546719614330:authorcount
1546719625602:addauthor "Author #1"
1546719629123:authorcount
1546722368295:deleteauthor 1
1546722371148:allbook
1546722380315:deletegenre 2
1546722383306:allbook
1546722392766:addbook dasd dasd dasd
1546722394948:allbook
1546722401053:deletebook 3
1546722403298:allbook
1546723626619:help
1546752662574:allbook
1546790548561:addbook 3123 1323 123
1546790550343:allbook
1546790564835:addbook 31232 1323 123
1546790567873:authorcount
1546790571719:genrecount
